
*** Running vivado
    with args -log system.vds -m64 -product Vivado -mode batch -messageDb vivado.pb -notrace -source system.tcl


****** Vivado v2020.2 (64-bit)
  **** SW Build 3064766 on Wed Nov 18 09:12:47 MST 2020
  **** IP Build 3064653 on Wed Nov 18 14:17:31 MST 2020
    ** Copyright 1986-2020 Xilinx, Inc. All Rights Reserved.

Sourcing tcl script '/home/robertsc/.Xilinx/Vivado/Vivado_init.tcl'
source system.tcl -notrace
Command: synth_design -top system -part xc7a100tcsg324-1
Starting synth_design
Attempting to get a license for feature 'Synthesis' and/or device 'xc7a100t'
INFO: [Common 17-349] Got license for feature 'Synthesis' and/or device 'xc7a100t'
INFO: [Device 21-403] Loading part xc7a100tcsg324-1
INFO: [Synth 8-7079] Multithreading enabled for synth_design using a maximum of 4 processes.
INFO: [Synth 8-7078] Launching helper process for spawning children vivado processes
INFO: [Synth 8-7075] Helper process launched with PID 7067
---------------------------------------------------------------------------------
Starting RTL Elaboration : Time (s): cpu = 00:00:04 ; elapsed = 00:00:04 . Memory (MB): peak = 2283.922 ; gain = 0.000 ; free physical = 114 ; free virtual = 1954
---------------------------------------------------------------------------------
INFO: [Synth 8-6157] synthesizing module 'system' [/home/robertsc/Documents/labDigitales/laboratorio-1-jimenez-sanchez/src/verilog/system.v:3]
	Parameter FAST_MEMORY bound to: 1 - type: integer 
	Parameter MEM_SIZE bound to: 4096 - type: integer 
INFO: [Synth 8-3876] $readmem data file '../firmware/firmware.hex' is read successfully [/home/robertsc/Documents/labDigitales/laboratorio-1-jimenez-sanchez/src/verilog/system.v:51]
INFO: [Synth 8-6157] synthesizing module 'picorv32' [/home/robertsc/Documents/labDigitales/laboratorio-1-jimenez-sanchez/src/picorv32/picorv32.v:57]
	Parameter ENABLE_COUNTERS bound to: 1'b1 
	Parameter ENABLE_COUNTERS64 bound to: 1'b1 
	Parameter ENABLE_REGS_16_31 bound to: 1'b1 
	Parameter ENABLE_REGS_DUALPORT bound to: 1'b1 
	Parameter LATCHED_MEM_RDATA bound to: 1'b0 
	Parameter TWO_STAGE_SHIFT bound to: 1'b1 
	Parameter BARREL_SHIFTER bound to: 1'b0 
	Parameter TWO_CYCLE_COMPARE bound to: 1'b0 
	Parameter TWO_CYCLE_ALU bound to: 1'b0 
	Parameter COMPRESSED_ISA bound to: 1'b0 
	Parameter CATCH_MISALIGN bound to: 1'b1 
	Parameter CATCH_ILLINSN bound to: 1'b1 
	Parameter ENABLE_PCPI bound to: 1'b0 
	Parameter ENABLE_MUL bound to: 1'b0 
	Parameter ENABLE_FAST_MUL bound to: 1'b0 
	Parameter ENABLE_DIV bound to: 1'b0 
	Parameter ENABLE_IRQ bound to: 1'b0 
	Parameter ENABLE_IRQ_QREGS bound to: 1'b1 
	Parameter ENABLE_IRQ_TIMER bound to: 1'b1 
	Parameter ENABLE_TRACE bound to: 1'b0 
	Parameter REGS_INIT_ZERO bound to: 1'b0 
	Parameter MASKED_IRQ bound to: 0 - type: integer 
	Parameter LATCHED_IRQ bound to: -1 - type: integer 
	Parameter PROGADDR_RESET bound to: 0 - type: integer 
	Parameter PROGADDR_IRQ bound to: 16 - type: integer 
	Parameter STACKADDR bound to: -1 - type: integer 
	Parameter irq_timer bound to: 0 - type: integer 
	Parameter irq_ebreak bound to: 1 - type: integer 
	Parameter irq_buserror bound to: 2 - type: integer 
	Parameter irqregs_offset bound to: 32 - type: integer 
	Parameter regfile_size bound to: 32 - type: integer 
	Parameter regindex_bits bound to: 5 - type: integer 
	Parameter WITH_PCPI bound to: 1'b0 
	Parameter TRACE_BRANCH bound to: 36'b000100000000000000000000000000000000 
	Parameter TRACE_ADDR bound to: 36'b001000000000000000000000000000000000 
	Parameter TRACE_IRQ bound to: 36'b100000000000000000000000000000000000 
	Parameter cpu_state_trap bound to: 8'b10000000 
	Parameter cpu_state_fetch bound to: 8'b01000000 
	Parameter cpu_state_ld_rs1 bound to: 8'b00100000 
	Parameter cpu_state_ld_rs2 bound to: 8'b00010000 
	Parameter cpu_state_exec bound to: 8'b00001000 
	Parameter cpu_state_shift bound to: 8'b00000100 
	Parameter cpu_state_stmem bound to: 8'b00000010 
	Parameter cpu_state_ldmem bound to: 8'b00000001 
WARNING: [Synth 8-151] case item 1'b0 is unreachable [/home/robertsc/Documents/labDigitales/laboratorio-1-jimenez-sanchez/src/picorv32/picorv32.v:1248]
WARNING: [Synth 8-151] case item 1'b0 is unreachable [/home/robertsc/Documents/labDigitales/laboratorio-1-jimenez-sanchez/src/picorv32/picorv32.v:1294]
INFO: [Synth 8-155] case statement is not full and has no default [/home/robertsc/Documents/labDigitales/laboratorio-1-jimenez-sanchez/src/picorv32/picorv32.v:1294]
WARNING: [Synth 8-151] case item 1'b0 is unreachable [/home/robertsc/Documents/labDigitales/laboratorio-1-jimenez-sanchez/src/picorv32/picorv32.v:1477]
INFO: [Synth 8-155] case statement is not full and has no default [/home/robertsc/Documents/labDigitales/laboratorio-1-jimenez-sanchez/src/picorv32/picorv32.v:1477]
WARNING: [Synth 8-151] case item 1'b0 is unreachable [/home/robertsc/Documents/labDigitales/laboratorio-1-jimenez-sanchez/src/picorv32/picorv32.v:1563]
WARNING: [Synth 8-151] case item 1'b0 is unreachable [/home/robertsc/Documents/labDigitales/laboratorio-1-jimenez-sanchez/src/picorv32/picorv32.v:1563]
WARNING: [Synth 8-151] case item 1'b0 is unreachable [/home/robertsc/Documents/labDigitales/laboratorio-1-jimenez-sanchez/src/picorv32/picorv32.v:1563]
WARNING: [Synth 8-151] case item 1'b0 is unreachable [/home/robertsc/Documents/labDigitales/laboratorio-1-jimenez-sanchez/src/picorv32/picorv32.v:1563]
WARNING: [Synth 8-151] case item 1'b0 is unreachable [/home/robertsc/Documents/labDigitales/laboratorio-1-jimenez-sanchez/src/picorv32/picorv32.v:1563]
INFO: [Synth 8-6155] done synthesizing module 'picorv32' (1#1) [/home/robertsc/Documents/labDigitales/laboratorio-1-jimenez-sanchez/src/picorv32/picorv32.v:57]
WARNING: [Synth 8-7071] port 'pcpi_valid' of module 'picorv32' is unconnected for instance 'picorv32_core' [/home/robertsc/Documents/labDigitales/laboratorio-1-jimenez-sanchez/src/verilog/system.v:30]
WARNING: [Synth 8-7071] port 'pcpi_insn' of module 'picorv32' is unconnected for instance 'picorv32_core' [/home/robertsc/Documents/labDigitales/laboratorio-1-jimenez-sanchez/src/verilog/system.v:30]
WARNING: [Synth 8-7071] port 'pcpi_rs1' of module 'picorv32' is unconnected for instance 'picorv32_core' [/home/robertsc/Documents/labDigitales/laboratorio-1-jimenez-sanchez/src/verilog/system.v:30]
WARNING: [Synth 8-7071] port 'pcpi_rs2' of module 'picorv32' is unconnected for instance 'picorv32_core' [/home/robertsc/Documents/labDigitales/laboratorio-1-jimenez-sanchez/src/verilog/system.v:30]
WARNING: [Synth 8-7071] port 'pcpi_wr' of module 'picorv32' is unconnected for instance 'picorv32_core' [/home/robertsc/Documents/labDigitales/laboratorio-1-jimenez-sanchez/src/verilog/system.v:30]
WARNING: [Synth 8-7071] port 'pcpi_rd' of module 'picorv32' is unconnected for instance 'picorv32_core' [/home/robertsc/Documents/labDigitales/laboratorio-1-jimenez-sanchez/src/verilog/system.v:30]
WARNING: [Synth 8-7071] port 'pcpi_wait' of module 'picorv32' is unconnected for instance 'picorv32_core' [/home/robertsc/Documents/labDigitales/laboratorio-1-jimenez-sanchez/src/verilog/system.v:30]
WARNING: [Synth 8-7071] port 'pcpi_ready' of module 'picorv32' is unconnected for instance 'picorv32_core' [/home/robertsc/Documents/labDigitales/laboratorio-1-jimenez-sanchez/src/verilog/system.v:30]
WARNING: [Synth 8-7071] port 'irq' of module 'picorv32' is unconnected for instance 'picorv32_core' [/home/robertsc/Documents/labDigitales/laboratorio-1-jimenez-sanchez/src/verilog/system.v:30]
WARNING: [Synth 8-7071] port 'eoi' of module 'picorv32' is unconnected for instance 'picorv32_core' [/home/robertsc/Documents/labDigitales/laboratorio-1-jimenez-sanchez/src/verilog/system.v:30]
WARNING: [Synth 8-7071] port 'trace_valid' of module 'picorv32' is unconnected for instance 'picorv32_core' [/home/robertsc/Documents/labDigitales/laboratorio-1-jimenez-sanchez/src/verilog/system.v:30]
WARNING: [Synth 8-7071] port 'trace_data' of module 'picorv32' is unconnected for instance 'picorv32_core' [/home/robertsc/Documents/labDigitales/laboratorio-1-jimenez-sanchez/src/verilog/system.v:30]
WARNING: [Synth 8-7023] instance 'picorv32_core' of module 'picorv32' has 27 connections declared, but only 15 given [/home/robertsc/Documents/labDigitales/laboratorio-1-jimenez-sanchez/src/verilog/system.v:30]
INFO: [Synth 8-6155] done synthesizing module 'system' (2#1) [/home/robertsc/Documents/labDigitales/laboratorio-1-jimenez-sanchez/src/verilog/system.v:3]
---------------------------------------------------------------------------------
Finished RTL Elaboration : Time (s): cpu = 00:00:05 ; elapsed = 00:00:06 . Memory (MB): peak = 2283.922 ; gain = 0.000 ; free physical = 943 ; free virtual = 2710
---------------------------------------------------------------------------------
---------------------------------------------------------------------------------
Start Handling Custom Attributes
---------------------------------------------------------------------------------
---------------------------------------------------------------------------------
Finished Handling Custom Attributes : Time (s): cpu = 00:00:05 ; elapsed = 00:00:06 . Memory (MB): peak = 2283.922 ; gain = 0.000 ; free physical = 907 ; free virtual = 2701
---------------------------------------------------------------------------------
---------------------------------------------------------------------------------
Finished RTL Optimization Phase 1 : Time (s): cpu = 00:00:05 ; elapsed = 00:00:06 . Memory (MB): peak = 2283.922 ; gain = 0.000 ; free physical = 907 ; free virtual = 2701
---------------------------------------------------------------------------------
Netlist sorting complete. Time (s): cpu = 00:00:00.03 ; elapsed = 00:00:00.02 . Memory (MB): peak = 2283.922 ; gain = 0.000 ; free physical = 895 ; free virtual = 2693
INFO: [Project 1-570] Preparing netlist for logic optimization

Processing XDC Constraints
Initializing timing engine
Parsing XDC File [/home/robertsc/Documents/labDigitales/laboratorio-1-jimenez-sanchez/src/constraints/system.xdc]
Finished Parsing XDC File [/home/robertsc/Documents/labDigitales/laboratorio-1-jimenez-sanchez/src/constraints/system.xdc]
INFO: [Project 1-236] Implementation specific constraints were found while reading constraint file [/home/robertsc/Documents/labDigitales/laboratorio-1-jimenez-sanchez/src/constraints/system.xdc]. These constraints will be ignored for synthesis but will be used in implementation. Impacted constraints are listed in the file [.Xil/system_propImpl.xdc].
Resolution: To avoid this warning, move constraints listed in [.Xil/system_propImpl.xdc] to another XDC file and exclude this new file from synthesis with the used_in_synthesis property (File Properties dialog in GUI) and re-run elaboration/synthesis.
Completed Processing XDC Constraints

Netlist sorting complete. Time (s): cpu = 00:00:00 ; elapsed = 00:00:00 . Memory (MB): peak = 2315.840 ; gain = 0.000 ; free physical = 789 ; free virtual = 2609
INFO: [Project 1-111] Unisim Transformation Summary:
No Unisim elements were transformed.

Constraint Validation Runtime : Time (s): cpu = 00:00:00 ; elapsed = 00:00:00.01 . Memory (MB): peak = 2315.840 ; gain = 0.000 ; free physical = 789 ; free virtual = 2609
---------------------------------------------------------------------------------
Finished Constraint Validation : Time (s): cpu = 00:00:11 ; elapsed = 00:00:13 . Memory (MB): peak = 2315.840 ; gain = 31.918 ; free physical = 857 ; free virtual = 2701
---------------------------------------------------------------------------------
---------------------------------------------------------------------------------
Start Loading Part and Timing Information
---------------------------------------------------------------------------------
Loading part: xc7a100tcsg324-1
---------------------------------------------------------------------------------
Finished Loading Part and Timing Information : Time (s): cpu = 00:00:11 ; elapsed = 00:00:13 . Memory (MB): peak = 2315.840 ; gain = 31.918 ; free physical = 857 ; free virtual = 2701
---------------------------------------------------------------------------------
---------------------------------------------------------------------------------
Start Applying 'set_property' XDC Constraints
---------------------------------------------------------------------------------
---------------------------------------------------------------------------------
Finished applying 'set_property' XDC Constraints : Time (s): cpu = 00:00:11 ; elapsed = 00:00:13 . Memory (MB): peak = 2315.840 ; gain = 31.918 ; free physical = 856 ; free virtual = 2700
---------------------------------------------------------------------------------
---------------------------------------------------------------------------------
Finished RTL Optimization Phase 2 : Time (s): cpu = 00:00:12 ; elapsed = 00:00:14 . Memory (MB): peak = 2315.840 ; gain = 31.918 ; free physical = 843 ; free virtual = 2694
---------------------------------------------------------------------------------
---------------------------------------------------------------------------------
Start RTL Component Statistics 
---------------------------------------------------------------------------------
Detailed RTL Component Info : 
+---Adders : 
	   2 Input   32 Bit       Adders := 4     
	   3 Input   32 Bit       Adders := 1     
	   2 Input    5 Bit       Adders := 2     
+---XORs : 
	   2 Input     32 Bit         XORs := 1     
+---Registers : 
	               36 Bit    Registers := 1     
	               32 Bit    Registers := 14    
	                8 Bit    Registers := 2     
	                5 Bit    Registers := 6     
	                4 Bit    Registers := 1     
	                2 Bit    Registers := 2     
	                1 Bit    Registers := 79    
+---RAMs : 
	             128K Bit	(4096 X 32 bit)          RAMs := 1     
	             1024 Bit	(32 X 32 bit)          RAMs := 1     
+---Muxes : 
	   2 Input   32 Bit        Muxes := 30    
	   8 Input   32 Bit        Muxes := 3     
	   5 Input   32 Bit        Muxes := 1     
	   6 Input   32 Bit        Muxes := 1     
	   4 Input   32 Bit        Muxes := 7     
	   9 Input   32 Bit        Muxes := 2     
	   7 Input   32 Bit        Muxes := 1     
	   2 Input   16 Bit        Muxes := 1     
	   4 Input    8 Bit        Muxes := 2     
	   8 Input    8 Bit        Muxes := 1     
	   9 Input    8 Bit        Muxes := 1     
	   2 Input    8 Bit        Muxes := 2     
	   8 Input    5 Bit        Muxes := 1     
	   2 Input    5 Bit        Muxes := 1     
	   9 Input    5 Bit        Muxes := 2     
	   3 Input    4 Bit        Muxes := 1     
	   5 Input    4 Bit        Muxes := 1     
	   4 Input    4 Bit        Muxes := 1     
	   2 Input    4 Bit        Muxes := 1     
	   2 Input    3 Bit        Muxes := 2     
	   6 Input    2 Bit        Muxes := 1     
	   9 Input    2 Bit        Muxes := 1     
	   9 Input    1 Bit        Muxes := 26    
	   2 Input    1 Bit        Muxes := 20    
	   4 Input    1 Bit        Muxes := 9     
	   7 Input    1 Bit        Muxes := 1     
	   8 Input    1 Bit        Muxes := 2     
	   3 Input    1 Bit        Muxes := 2     
---------------------------------------------------------------------------------
Finished RTL Component Statistics 
---------------------------------------------------------------------------------
---------------------------------------------------------------------------------
Start Part Resource Summary
---------------------------------------------------------------------------------
Part Resources:
DSPs: 240 (col length:80)
BRAMs: 270 (col length: RAMB18 80 RAMB36 40)
---------------------------------------------------------------------------------
Finished Part Resource Summary
---------------------------------------------------------------------------------
---------------------------------------------------------------------------------
Start Cross Boundary and Area Optimization
---------------------------------------------------------------------------------
---------------------------------------------------------------------------------
Finished Cross Boundary and Area Optimization : Time (s): cpu = 00:00:16 ; elapsed = 00:00:19 . Memory (MB): peak = 2315.840 ; gain = 31.918 ; free physical = 800 ; free virtual = 2662
---------------------------------------------------------------------------------
---------------------------------------------------------------------------------
Start ROM, RAM, DSP, Shift Register and Retiming Reporting
---------------------------------------------------------------------------------

Block RAM: Preliminary Mapping	Report (see note below)
+------------+------------+------------------------+---+---+------------------------+---+---+------------------+--------+--------+
|Module Name | RTL Object | PORT A (Depth x Width) | W | R | PORT B (Depth x Width) | W | R | Ports driving FF | RAMB18 | RAMB36 | 
+------------+------------+------------------------+---+---+------------------------+---+---+------------------+--------+--------+
|system      | memory_reg | 4 K x 32(READ_FIRST)   | W |   | 4 K x 32(WRITE_FIRST)  |   | R | Port A and B     | 0      | 4      | 
+------------+------------+------------------------+---+---+------------------------+---+---+------------------+--------+--------+

Note: The table above is a preliminary report that shows the Block RAMs at the current stage of the synthesis flow. Some Block RAMs may be reimplemented as non Block RAM primitives later in the synthesis flow. Multiple instantiated Block RAMs are reported only once. 

Distributed RAM: Preliminary Mapping	Report (see note below)
+------------+---------------------------+-----------+----------------------+--------------+
|Module Name | RTL Object                | Inference | Size (Depth x Width) | Primitives   | 
+------------+---------------------------+-----------+----------------------+--------------+
|system      | picorv32_core/cpuregs_reg | Implied   | 32 x 32              | RAM32M x 12	 | 
+------------+---------------------------+-----------+----------------------+--------------+

Note: The table above is a preliminary report that shows the Distributed RAMs at the current stage of the synthesis flow. Some Distributed RAMs may be reimplemented as non Distributed RAM primitives later in the synthesis flow. Multiple instantiated RAMs are reported only once.
---------------------------------------------------------------------------------
Finished ROM, RAM, DSP, Shift Register and Retiming Reporting
---------------------------------------------------------------------------------
---------------------------------------------------------------------------------
Start Applying XDC Timing Constraints
---------------------------------------------------------------------------------
---------------------------------------------------------------------------------
Finished Applying XDC Timing Constraints : Time (s): cpu = 00:00:22 ; elapsed = 00:00:24 . Memory (MB): peak = 2315.840 ; gain = 31.918 ; free physical = 676 ; free virtual = 2549
---------------------------------------------------------------------------------
---------------------------------------------------------------------------------
Start Timing Optimization
---------------------------------------------------------------------------------
---------------------------------------------------------------------------------
Finished Timing Optimization : Time (s): cpu = 00:00:25 ; elapsed = 00:00:28 . Memory (MB): peak = 2315.840 ; gain = 31.918 ; free physical = 562 ; free virtual = 2494
---------------------------------------------------------------------------------
---------------------------------------------------------------------------------
Start ROM, RAM, DSP, Shift Register and Retiming Reporting
---------------------------------------------------------------------------------

Block RAM: Final Mapping	Report
+------------+------------+------------------------+---+---+------------------------+---+---+------------------+--------+--------+
|Module Name | RTL Object | PORT A (Depth x Width) | W | R | PORT B (Depth x Width) | W | R | Ports driving FF | RAMB18 | RAMB36 | 
+------------+------------+------------------------+---+---+------------------------+---+---+------------------+--------+--------+
|system      | memory_reg | 4 K x 32(READ_FIRST)   | W |   | 4 K x 32(WRITE_FIRST)  |   | R | Port A and B     | 0      | 4      | 
+------------+------------+------------------------+---+---+------------------------+---+---+------------------+--------+--------+


Distributed RAM: Final Mapping	Report
+------------+---------------------------+-----------+----------------------+--------------+
|Module Name | RTL Object                | Inference | Size (Depth x Width) | Primitives   | 
+------------+---------------------------+-----------+----------------------+--------------+
|system      | picorv32_core/cpuregs_reg | Implied   | 32 x 32              | RAM32M x 12	 | 
+------------+---------------------------+-----------+----------------------+--------------+

---------------------------------------------------------------------------------
Finished ROM, RAM, DSP, Shift Register and Retiming Reporting
---------------------------------------------------------------------------------
---------------------------------------------------------------------------------
Start Technology Mapping
---------------------------------------------------------------------------------
INFO: [Synth 8-7052] The timing for the instance memory_reg_0 (implemented as a Block RAM) might be sub-optimal as no optional output register could be merged into the ram block. Providing additional output register may help in improving timing.
INFO: [Synth 8-7052] The timing for the instance memory_reg_1 (implemented as a Block RAM) might be sub-optimal as no optional output register could be merged into the ram block. Providing additional output register may help in improving timing.
INFO: [Synth 8-7052] The timing for the instance memory_reg_2 (implemented as a Block RAM) might be sub-optimal as no optional output register could be merged into the ram block. Providing additional output register may help in improving timing.
INFO: [Synth 8-7052] The timing for the instance memory_reg_3 (implemented as a Block RAM) might be sub-optimal as no optional output register could be merged into the ram block. Providing additional output register may help in improving timing.
---------------------------------------------------------------------------------
Finished Technology Mapping : Time (s): cpu = 00:00:26 ; elapsed = 00:00:29 . Memory (MB): peak = 2315.840 ; gain = 31.918 ; free physical = 519 ; free virtual = 2479
---------------------------------------------------------------------------------
---------------------------------------------------------------------------------
Start IO Insertion
---------------------------------------------------------------------------------
---------------------------------------------------------------------------------
Start Flattening Before IO Insertion
---------------------------------------------------------------------------------
---------------------------------------------------------------------------------
Finished Flattening Before IO Insertion
---------------------------------------------------------------------------------
---------------------------------------------------------------------------------
Start Final Netlist Cleanup
---------------------------------------------------------------------------------
---------------------------------------------------------------------------------
Finished Final Netlist Cleanup
---------------------------------------------------------------------------------
---------------------------------------------------------------------------------
Finished IO Insertion : Time (s): cpu = 00:00:29 ; elapsed = 00:00:32 . Memory (MB): peak = 2315.840 ; gain = 31.918 ; free physical = 432 ; free virtual = 2420
---------------------------------------------------------------------------------
---------------------------------------------------------------------------------
Start Renaming Generated Instances
---------------------------------------------------------------------------------
---------------------------------------------------------------------------------
Finished Renaming Generated Instances : Time (s): cpu = 00:00:29 ; elapsed = 00:00:32 . Memory (MB): peak = 2315.840 ; gain = 31.918 ; free physical = 432 ; free virtual = 2420
---------------------------------------------------------------------------------
---------------------------------------------------------------------------------
Start Rebuilding User Hierarchy
---------------------------------------------------------------------------------
---------------------------------------------------------------------------------
Finished Rebuilding User Hierarchy : Time (s): cpu = 00:00:29 ; elapsed = 00:00:32 . Memory (MB): peak = 2315.840 ; gain = 31.918 ; free physical = 429 ; free virtual = 2417
---------------------------------------------------------------------------------
---------------------------------------------------------------------------------
Start Renaming Generated Ports
---------------------------------------------------------------------------------
---------------------------------------------------------------------------------
Finished Renaming Generated Ports : Time (s): cpu = 00:00:29 ; elapsed = 00:00:32 . Memory (MB): peak = 2315.840 ; gain = 31.918 ; free physical = 429 ; free virtual = 2417
---------------------------------------------------------------------------------
---------------------------------------------------------------------------------
Start Handling Custom Attributes
---------------------------------------------------------------------------------
---------------------------------------------------------------------------------
Finished Handling Custom Attributes : Time (s): cpu = 00:00:29 ; elapsed = 00:00:32 . Memory (MB): peak = 2315.840 ; gain = 31.918 ; free physical = 428 ; free virtual = 2417
---------------------------------------------------------------------------------
---------------------------------------------------------------------------------
Start Renaming Generated Nets
---------------------------------------------------------------------------------
---------------------------------------------------------------------------------
Finished Renaming Generated Nets : Time (s): cpu = 00:00:29 ; elapsed = 00:00:32 . Memory (MB): peak = 2315.840 ; gain = 31.918 ; free physical = 428 ; free virtual = 2417
---------------------------------------------------------------------------------
---------------------------------------------------------------------------------
Start Writing Synthesis Report
---------------------------------------------------------------------------------

Report BlackBoxes: 
+-+--------------+----------+
| |BlackBox name |Instances |
+-+--------------+----------+
+-+--------------+----------+

Report Cell Usage: 
+------+---------+------+
|      |Cell     |Count |
+------+---------+------+
|1     |BUFG     |     1|
|2     |CARRY4   |    83|
|3     |LUT1     |     5|
|4     |LUT2     |    94|
|5     |LUT3     |   109|
|6     |LUT4     |   174|
|7     |LUT5     |    98|
|8     |LUT6     |   439|
|9     |RAM32M   |    12|
|10    |RAMB36E1 |     4|
|14    |FDRE     |   471|
|15    |FDSE     |    45|
|16    |IBUF     |     2|
|17    |OBUF     |    10|
+------+---------+------+
---------------------------------------------------------------------------------
Finished Writing Synthesis Report : Time (s): cpu = 00:00:29 ; elapsed = 00:00:32 . Memory (MB): peak = 2315.840 ; gain = 31.918 ; free physical = 428 ; free virtual = 2417
---------------------------------------------------------------------------------
Synthesis finished with 0 errors, 0 critical warnings and 0 warnings.
Synthesis Optimization Runtime : Time (s): cpu = 00:00:27 ; elapsed = 00:00:29 . Memory (MB): peak = 2315.840 ; gain = 0.000 ; free physical = 480 ; free virtual = 2468
Synthesis Optimization Complete : Time (s): cpu = 00:00:29 ; elapsed = 00:00:32 . Memory (MB): peak = 2315.848 ; gain = 31.918 ; free physical = 480 ; free virtual = 2468
INFO: [Project 1-571] Translating synthesized netlist
Netlist sorting complete. Time (s): cpu = 00:00:00.01 ; elapsed = 00:00:00.01 . Memory (MB): peak = 2315.848 ; gain = 0.000 ; free physical = 568 ; free virtual = 2566
INFO: [Netlist 29-17] Analyzing 99 Unisim elements for replacement
INFO: [Netlist 29-28] Unisim Transformation completed in 0 CPU seconds
WARNING: [Netlist 29-101] Netlist 'system' is not ideal for floorplanning, since the cellview 'picorv32' contains a large number of primitives.  Please consider enabling hierarchy in synthesis if you want to do floorplanning.
INFO: [Project 1-570] Preparing netlist for logic optimization
INFO: [Opt 31-138] Pushed 0 inverter(s) to 0 load pin(s).
Netlist sorting complete. Time (s): cpu = 00:00:00 ; elapsed = 00:00:00 . Memory (MB): peak = 2315.848 ; gain = 0.000 ; free physical = 552 ; free virtual = 2543
INFO: [Project 1-111] Unisim Transformation Summary:
  A total of 12 instances were transformed.
  RAM32M => RAM32M (RAMD32(x6), RAMS32(x2)): 12 instances

INFO: [Common 17-83] Releasing license: Synthesis
26 Infos, 22 Warnings, 0 Critical Warnings and 0 Errors encountered.
synth_design completed successfully
synth_design: Time (s): cpu = 00:00:39 ; elapsed = 00:00:38 . Memory (MB): peak = 2315.848 ; gain = 32.023 ; free physical = 716 ; free virtual = 2707
INFO: [Common 17-1381] The checkpoint '/home/robertsc/Documents/labDigitales/laboratorio-1-jimenez-sanchez/picorv32.runs/synth_1/system.dcp' has been generated.
INFO: [runtcl-4] Executing : report_utilization -file system_utilization_synth.rpt -pb system_utilization_synth.pb
INFO: [Common 17-206] Exiting Vivado at Sun Apr 25 11:51:18 2021...
